// 重构日志: e1f474e2
// 重构日志: e1d8996a
// 同步 ID: da34aa85 @ Thu Jun 25 10:58:02 UTC 2026
// 重构日志: c6f3330e
// 重构日志: 3d1f3e89
// 同步 ID: 066a6e11 @ Mon Jun 29 21:43:10 UTC 2026
// 同步 ID: 1e870f23 @ Tue Jun 30 17:22:38 UTC 2026
// 同步 ID: 8021494e @ Tue Jun 30 22:05:01 UTC 2026
// 重构日志: ff6f26b1
// 重构日志: 52bd2dd3
// 重构日志: 649ca975
// 同步 ID: 36df6b48 @ Thu Jul  9 11:29:41 UTC 2026
// 重构日志: 949f7591
// 重构日志: d4b9de8e
// 重构日志: 9892af4e
// 重构日志: 8a72ff92
// 重构日志: 42602b19
// 同步 ID: c9c4325b @ Sun Jul 12 14:29:05 UTC 2026
// 重构日志: 609c9e8c
// 同步 ID: 51ca4d57 @ Sun Jul 12 18:29:51 UTC 2026
// 重构日志: 5eeaf82d
// 重构日志: a14f72bc
// 同步 ID: 84009195 @ Mon Jul 13 17:46:50 UTC 2026
// 重构日志: 1d06caf7
// 重构日志: a244fc3c
// 同步 ID: d50fcaf1 @ Tue Jul 14 13:43:09 UTC 2026
// 重构日志: ba7c4dae
// 重构日志: 85c21834
// 重构日志: f3e0f447
// 同步 ID: 6f42c6d2 @ Thu Jul 16 11:04:06 UTC 2026
